[ 2025-03-25 02:50:24,631 ] 1025 httpx - INFO - HTTP Request: GET https://dagshub.com/api/v1/user "HTTP/1.1 200 OK"
[ 2025-03-25 02:50:24,637 ] 107 dagshub - INFO - Accessing as asadkhan8269
[ 2025-03-25 02:50:25,915 ] 1025 httpx - INFO - HTTP Request: GET https://dagshub.com/api/v1/repos/asadkhan8269/networksecurity "HTTP/1.1 200 OK"
[ 2025-03-25 02:50:26,354 ] 1025 httpx - INFO - HTTP Request: GET https://dagshub.com/api/v1/user "HTTP/1.1 200 OK"
[ 2025-03-25 02:50:26,356 ] 107 dagshub - INFO - Initialized MLflow to track repo "asadkhan8269/networksecurity"
[ 2025-03-25 02:50:26,357 ] 107 dagshub - INFO - Repository asadkhan8269/networksecurity initialized!
[ 2025-03-25 02:50:36,960 ] 39 root - INFO - Start data Ingestion
[ 2025-03-25 02:50:38,895 ] 65 root - INFO - Performed train test split on the dataframe
[ 2025-03-25 02:50:38,895 ] 67 root - INFO - Exited split_data_as_train_test method of Data_Ingestion class
[ 2025-03-25 02:50:38,895 ] 75 root - INFO - Exporting train and test file path.
[ 2025-03-25 02:50:38,957 ] 84 root - INFO - Exported train and test file path.
[ 2025-03-25 02:50:38,958 ] 42 root - INFO - Data Ingestion completed and artifact: DataIngestionArtifact(trained_file_path='Artifacts\\03_25_2025_02_50_19\\data_ingestion\\ingested\\train.csv', test_file_path='Artifacts\\03_25_2025_02_50_19\\data_ingestion\\ingested\\test.csv')
[ 2025-03-25 02:50:38,966 ] 52 root - INFO - Initiate the data Validation
[ 2025-03-25 02:50:39,018 ] 32 root - INFO - Required number of columns:2
[ 2025-03-25 02:50:39,018 ] 33 root - INFO - Data frame has columns:31
[ 2025-03-25 02:50:39,018 ] 32 root - INFO - Required number of columns:2
[ 2025-03-25 02:50:39,018 ] 33 root - INFO - Data frame has columns:31
[ 2025-03-25 02:50:39,196 ] 63 root - INFO - Entered initiate_data_transformation method of DataTransformation class
[ 2025-03-25 02:50:39,196 ] 65 root - INFO - Starting data transformation
[ 2025-03-25 02:50:39,219 ] 48 root - INFO - Entered get_data_trnasformer_object method of Trnasformation class
[ 2025-03-25 02:50:39,219 ] 53 root - INFO - Initialise KNNImputer with {'missing_values': nan, 'n_neighbors': 3, 'weights': 'uniform'}
[ 2025-03-25 02:50:39,230 ] 46 root - INFO - Entered the save_object method of MainUtils class
[ 2025-03-25 02:50:39,234 ] 50 root - INFO - Exited the save_object method of MainUtils class
[ 2025-03-25 02:50:39,234 ] 46 root - INFO - Entered the save_object method of MainUtils class
[ 2025-03-25 02:50:39,236 ] 50 root - INFO - Exited the save_object method of MainUtils class
[ 2025-03-25 02:54:52,769 ] 46 root - INFO - Entered the save_object method of MainUtils class
[ 2025-03-25 02:54:52,809 ] 50 root - INFO - Exited the save_object method of MainUtils class
[ 2025-03-25 02:54:52,809 ] 46 root - INFO - Entered the save_object method of MainUtils class
[ 2025-03-25 02:54:52,846 ] 50 root - INFO - Exited the save_object method of MainUtils class
[ 2025-03-25 02:54:52,846 ] 152 root - INFO - Model trainer artifact: ModelTrainerArtifact(trained_model_file_path='Artifacts\\03_25_2025_02_50_19\\model_trainer\\trained_model\\model.pkl', train_metric_artifact=ClassificationMetricArtifact(f1_score=0.9919148500665234, precision_score=0.9918133442488744, recall_score=0.9920163766632548), test_metric_artifact=ClassificationMetricArtifact(f1_score=0.9731413001167769, precision_score=0.9637625289128758, recall_score=0.9827044025157232))
